<?xml version="1.0" encoding="UTF-8"?>
<testng-results ignored="0" total="5" passed="5" failed="0" skipped="0">
  <reporter-output>
  </reporter-output>
  <suite started-at="2021-05-04T13:29:41 IST" name="AmazonPrime" finished-at="2021-05-04T13:31:13 IST" duration-ms="91515">
    <groups>
    </groups>
    <test started-at="2021-05-04T13:29:41 IST" name="Test" finished-at="2021-05-04T13:31:13 IST" duration-ms="91515">
      <class name="com.qa.testscript.TC_AmazonPrime">
        <test-method is-config="true" signature="setup(java.lang.String, java.lang.String)[pri:0, instance:com.qa.testscript.TC_AmazonPrime@7690781]" started-at="2021-05-04T13:29:42 IST" name="setup" finished-at="2021-05-04T13:29:55 IST" duration-ms="12626" status="PASS">
          <params>
            <param index="0">
              <value>
                <![CDATA[chrome]]>
              </value>
            </param>
            <param index="1">
              <value>
                <![CDATA[https://www.primevideo.com/ref=av_flex]]>
              </value>
            </param>
          </params>
          <reporter-output>
          </reporter-output>
        </test-method> <!-- setup -->
        <test-method signature="login()[pri:0, instance:com.qa.testscript.TC_AmazonPrime@7690781]" started-at="2021-05-04T13:29:55 IST" name="login" finished-at="2021-05-04T13:29:58 IST" duration-ms="3616" status="PASS">
          <reporter-output>
          </reporter-output>
        </test-method> <!-- login -->
        <test-method signature="signin()[pri:1, instance:com.qa.testscript.TC_AmazonPrime@7690781]" started-at="2021-05-04T13:29:58 IST" name="signin" finished-at="2021-05-04T13:30:13 IST" duration-ms="14435" status="PASS">
          <reporter-output>
          </reporter-output>
        </test-method> <!-- signin -->
        <test-method signature="search(java.lang.String)[pri:2, instance:com.qa.testscript.TC_AmazonPrime@7690781]" started-at="2021-05-04T13:30:15 IST" name="search" data-provider="supplyData" finished-at="2021-05-04T13:30:28 IST" duration-ms="13363" status="PASS">
          <params>
            <param index="0">
              <value>
                <![CDATA[Roberrt]]>
              </value>
            </param>
          </params>
          <reporter-output>
          </reporter-output>
        </test-method> <!-- search -->
        <test-method signature="search(java.lang.String)[pri:2, instance:com.qa.testscript.TC_AmazonPrime@7690781]" started-at="2021-05-04T13:30:28 IST" name="search" data-provider="supplyData" finished-at="2021-05-04T13:30:54 IST" duration-ms="25698" status="PASS">
          <params>
            <param index="0">
              <value>
                <![CDATA[Dia]]>
              </value>
            </param>
          </params>
          <reporter-output>
          </reporter-output>
        </test-method> <!-- search -->
        <test-method signature="search(java.lang.String)[pri:2, instance:com.qa.testscript.TC_AmazonPrime@7690781]" started-at="2021-05-04T13:30:54 IST" name="search" data-provider="supplyData" finished-at="2021-05-04T13:31:11 IST" duration-ms="17554" status="PASS">
          <params>
            <param index="0">
              <value>
                <![CDATA[Odeya]]>
              </value>
            </param>
          </params>
          <reporter-output>
          </reporter-output>
        </test-method> <!-- search -->
        <test-method is-config="true" signature="tearDown()[pri:0, instance:com.qa.testscript.TC_AmazonPrime@7690781]" started-at="2021-05-04T13:31:11 IST" name="tearDown" finished-at="2021-05-04T13:31:13 IST" duration-ms="1542" status="PASS">
          <reporter-output>
          </reporter-output>
        </test-method> <!-- tearDown -->
      </class> <!-- com.qa.testscript.TC_AmazonPrime -->
    </test> <!-- Test -->
  </suite> <!-- AmazonPrime -->
</testng-results>
