<?xml version="1.0" encoding="UTF-8"?>
<!-- Generated by org.testng.reporters.JUnitXMLReporter -->
<testsuite ignored="0" hostname="Rahul-PC" failures="0" tests="5" name="Test" time="91.515" errors="0" timestamp="2021-05-04T13:31:13 IST">
  <testcase classname="com.qa.testscript.TC_AmazonPrime" name="login" time="3.616"/>
  <testcase classname="com.qa.testscript.TC_AmazonPrime" name="signin" time="14.435"/>
  <testcase classname="com.qa.testscript.TC_AmazonPrime" name="search" time="13.363"/>
  <testcase classname="com.qa.testscript.TC_AmazonPrime" name="search" time="25.698"/>
  <testcase classname="com.qa.testscript.TC_AmazonPrime" name="search" time="17.554"/>
</testsuite> <!-- Test -->
